<?xml version="1.0" encoding="UTF-8"?>
<!-- Generated by org.testng.reporters.JUnitReportReporter -->
<testsuite hostname="dcooper-macbook.dhcp.sdd.hp.com" name="test.cases.instantInk.stepThreeBillingTests.BodyLinks.stepThreeBilling_BodyLinks_InstantInk" tests="1" failures="0" timestamp="6 May 2015 23:44:22 GMT" time="235.092" errors="0">
  <testcase name="test_back" time="235.092" classname="test.cases.instantInk.stepThreeBillingTests.BodyLinks.stepThreeBilling_BodyLinks_InstantInk"/>
</testsuite> <!-- test.cases.instantInk.stepThreeBillingTests.BodyLinks.stepThreeBilling_BodyLinks_InstantInk -->
