<?xml version="1.0" encoding="UTF-8"?>
<!-- Generated by org.testng.reporters.JUnitReportReporter -->
<testsuite hostname="dcooper-macbook.dhcp.sdd.hp.com" name="test.cases.instantInk.ISEPTests.BodyLinks.iSEP_BodyLinks_EnrollNewPrinter" tests="1" failures="0" timestamp="7 May 2015 20:38:59 GMT" time="190.673" errors="0">
  <testcase name="test_Help" time="190.673" classname="test.cases.instantInk.ISEPTests.BodyLinks.iSEP_BodyLinks_EnrollNewPrinter"/>
</testsuite> <!-- test.cases.instantInk.ISEPTests.BodyLinks.iSEP_BodyLinks_EnrollNewPrinter -->
